<?xml version="1.0"?>
<!DOCTYPE coverage SYSTEM "http://cobertura.sourceforge.net/xml/coverage-04.dtd">

<coverage line-rate="0.0" branch-rate="1.0" lines-covered="0" lines-valid="107" branches-covered="0" branches-valid="0" complexity="1.0" version="1.9.4.1" timestamp="1384912166437">
	<sources>
		<source>--source</source>
		<source>/root/git/fcas/receitasvovozefa/ReceitasVovoZefa/src</source>
		<source>/root/git/fcas/receitasvovozefa/ReceitasVovoZefa/gen</source>
	</sources>
	<packages>
		<package name="activity" line-rate="0.0" branch-rate="1.0" complexity="1.0">
			<classes>
				<class name="activity.BuscarReceitas" filename="activity/BuscarReceitas.java" line-rate="0.0" branch-rate="1.0" complexity="1.0">
					<methods>
						<method name="&lt;init&gt;" signature="()V" line-rate="0.0" branch-rate="1.0">
							<lines>
								<line number="11" hits="0" branch="false"/>
							</lines>
						</method>
						<method name="onBackPressed" signature="()V" line-rate="0.0" branch-rate="1.0">
							<lines>
								<line number="28" hits="0" branch="false"/>
								<line number="29" hits="0" branch="false"/>
								<line number="30" hits="0" branch="false"/>
								<line number="31" hits="0" branch="false"/>
								<line number="32" hits="0" branch="false"/>
							</lines>
						</method>
						<method name="onCreate" signature="(Landroid/os/Bundle;)V" line-rate="0.0" branch-rate="1.0">
							<lines>
								<line number="15" hits="0" branch="false"/>
								<line number="16" hits="0" branch="false"/>
								<line number="17" hits="0" branch="false"/>
							</lines>
						</method>
						<method name="onCreateOptionsMenu" signature="(Landroid/view/Menu;)Z" line-rate="0.0" branch-rate="1.0">
							<lines>
								<line number="22" hits="0" branch="false"/>
								<line number="23" hits="0" branch="false"/>
							</lines>
						</method>
					</methods>
					<lines>
						<line number="11" hits="0" branch="false"/>
						<line number="15" hits="0" branch="false"/>
						<line number="16" hits="0" branch="false"/>
						<line number="17" hits="0" branch="false"/>
						<line number="22" hits="0" branch="false"/>
						<line number="23" hits="0" branch="false"/>
						<line number="28" hits="0" branch="false"/>
						<line number="29" hits="0" branch="false"/>
						<line number="30" hits="0" branch="false"/>
						<line number="31" hits="0" branch="false"/>
						<line number="32" hits="0" branch="false"/>
					</lines>
				</class>
				<class name="activity.Compartilhar" filename="activity/Compartilhar.java" line-rate="0.0" branch-rate="1.0" complexity="1.0">
					<methods>
						<method name="&lt;init&gt;" signature="()V" line-rate="0.0" branch-rate="1.0">
							<lines>
								<line number="9" hits="0" branch="false"/>
							</lines>
						</method>
						<method name="onBackPressed" signature="()V" line-rate="0.0" branch-rate="1.0">
							<lines>
								<line number="26" hits="0" branch="false"/>
								<line number="27" hits="0" branch="false"/>
								<line number="28" hits="0" branch="false"/>
								<line number="29" hits="0" branch="false"/>
								<line number="30" hits="0" branch="false"/>
							</lines>
						</method>
						<method name="onCreate" signature="(Landroid/os/Bundle;)V" line-rate="0.0" branch-rate="1.0">
							<lines>
								<line number="13" hits="0" branch="false"/>
								<line number="14" hits="0" branch="false"/>
								<line number="15" hits="0" branch="false"/>
							</lines>
						</method>
						<method name="onCreateOptionsMenu" signature="(Landroid/view/Menu;)Z" line-rate="0.0" branch-rate="1.0">
							<lines>
								<line number="20" hits="0" branch="false"/>
								<line number="21" hits="0" branch="false"/>
							</lines>
						</method>
					</methods>
					<lines>
						<line number="9" hits="0" branch="false"/>
						<line number="13" hits="0" branch="false"/>
						<line number="14" hits="0" branch="false"/>
						<line number="15" hits="0" branch="false"/>
						<line number="20" hits="0" branch="false"/>
						<line number="21" hits="0" branch="false"/>
						<line number="26" hits="0" branch="false"/>
						<line number="27" hits="0" branch="false"/>
						<line number="28" hits="0" branch="false"/>
						<line number="29" hits="0" branch="false"/>
						<line number="30" hits="0" branch="false"/>
					</lines>
				</class>
				<class name="activity.ListaReceitas" filename="activity/ListaReceitas.java" line-rate="0.0" branch-rate="1.0" complexity="1.0">
					<methods>
						<method name="&lt;init&gt;" signature="()V" line-rate="0.0" branch-rate="1.0">
							<lines>
								<line number="10" hits="0" branch="false"/>
							</lines>
						</method>
						<method name="onBackPressed" signature="()V" line-rate="0.0" branch-rate="1.0">
							<lines>
								<line number="27" hits="0" branch="false"/>
								<line number="28" hits="0" branch="false"/>
								<line number="29" hits="0" branch="false"/>
								<line number="30" hits="0" branch="false"/>
								<line number="31" hits="0" branch="false"/>
							</lines>
						</method>
						<method name="onCreate" signature="(Landroid/os/Bundle;)V" line-rate="0.0" branch-rate="1.0">
							<lines>
								<line number="14" hits="0" branch="false"/>
								<line number="15" hits="0" branch="false"/>
								<line number="16" hits="0" branch="false"/>
							</lines>
						</method>
						<method name="onCreateOptionsMenu" signature="(Landroid/view/Menu;)Z" line-rate="0.0" branch-rate="1.0">
							<lines>
								<line number="21" hits="0" branch="false"/>
								<line number="22" hits="0" branch="false"/>
							</lines>
						</method>
					</methods>
					<lines>
						<line number="10" hits="0" branch="false"/>
						<line number="14" hits="0" branch="false"/>
						<line number="15" hits="0" branch="false"/>
						<line number="16" hits="0" branch="false"/>
						<line number="21" hits="0" branch="false"/>
						<line number="22" hits="0" branch="false"/>
						<line number="27" hits="0" branch="false"/>
						<line number="28" hits="0" branch="false"/>
						<line number="29" hits="0" branch="false"/>
						<line number="30" hits="0" branch="false"/>
						<line number="31" hits="0" branch="false"/>
					</lines>
				</class>
				<class name="activity.MainActivity" filename="activity/MainActivity.java" line-rate="0.0" branch-rate="1.0" complexity="1.0">
					<methods>
						<method name="&lt;init&gt;" signature="()V" line-rate="0.0" branch-rate="1.0">
							<lines>
								<line number="11" hits="0" branch="false"/>
							</lines>
						</method>
						<method name="onCreate" signature="(Landroid/os/Bundle;)V" line-rate="0.0" branch-rate="1.0">
							<lines>
								<line number="20" hits="0" branch="false"/>
								<line number="21" hits="0" branch="false"/>
								<line number="22" hits="0" branch="false"/>
								<line number="23" hits="0" branch="false"/>
								<line number="24" hits="0" branch="false"/>
							</lines>
						</method>
						<method name="onCreateOptionsMenu" signature="(Landroid/view/Menu;)Z" line-rate="0.0" branch-rate="1.0">
							<lines>
								<line number="88" hits="0" branch="false"/>
								<line number="89" hits="0" branch="false"/>
							</lines>
						</method>
						<method name="setButtons" signature="()V" line-rate="0.0" branch-rate="1.0">
							<lines>
								<line number="27" hits="0" branch="false"/>
								<line number="28" hits="0" branch="false"/>
								<line number="40" hits="0" branch="false"/>
								<line number="41" hits="0" branch="false"/>
								<line number="53" hits="0" branch="false"/>
								<line number="54" hits="0" branch="false"/>
								<line number="66" hits="0" branch="false"/>
								<line number="67" hits="0" branch="false"/>
								<line number="75" hits="0" branch="false"/>
								<line number="76" hits="0" branch="false"/>
								<line number="83" hits="0" branch="false"/>
							</lines>
						</method>
					</methods>
					<lines>
						<line number="11" hits="0" branch="false"/>
						<line number="20" hits="0" branch="false"/>
						<line number="21" hits="0" branch="false"/>
						<line number="22" hits="0" branch="false"/>
						<line number="23" hits="0" branch="false"/>
						<line number="24" hits="0" branch="false"/>
						<line number="27" hits="0" branch="false"/>
						<line number="28" hits="0" branch="false"/>
						<line number="40" hits="0" branch="false"/>
						<line number="41" hits="0" branch="false"/>
						<line number="53" hits="0" branch="false"/>
						<line number="54" hits="0" branch="false"/>
						<line number="66" hits="0" branch="false"/>
						<line number="67" hits="0" branch="false"/>
						<line number="75" hits="0" branch="false"/>
						<line number="76" hits="0" branch="false"/>
						<line number="83" hits="0" branch="false"/>
						<line number="88" hits="0" branch="false"/>
						<line number="89" hits="0" branch="false"/>
					</lines>
				</class>
				<class name="activity.MainActivity$1" filename="activity/MainActivity.java" line-rate="0.0" branch-rate="1.0" complexity="1.0">
					<methods>
						<method name="&lt;init&gt;" signature="(Lactivity/MainActivity;)V" line-rate="0.0" branch-rate="1.0">
							<lines>
								<line number="28" hits="0" branch="false"/>
							</lines>
						</method>
						<method name="onClick" signature="(Landroid/view/View;)V" line-rate="0.0" branch-rate="1.0">
							<lines>
								<line number="32" hits="0" branch="false"/>
								<line number="33" hits="0" branch="false"/>
								<line number="35" hits="0" branch="false"/>
								<line number="36" hits="0" branch="false"/>
								<line number="37" hits="0" branch="false"/>
							</lines>
						</method>
					</methods>
					<lines>
						<line number="28" hits="0" branch="false"/>
						<line number="32" hits="0" branch="false"/>
						<line number="33" hits="0" branch="false"/>
						<line number="35" hits="0" branch="false"/>
						<line number="36" hits="0" branch="false"/>
						<line number="37" hits="0" branch="false"/>
					</lines>
				</class>
				<class name="activity.MainActivity$2" filename="activity/MainActivity.java" line-rate="0.0" branch-rate="1.0" complexity="1.0">
					<methods>
						<method name="&lt;init&gt;" signature="(Lactivity/MainActivity;)V" line-rate="0.0" branch-rate="1.0">
							<lines>
								<line number="41" hits="0" branch="false"/>
							</lines>
						</method>
						<method name="onClick" signature="(Landroid/view/View;)V" line-rate="0.0" branch-rate="1.0">
							<lines>
								<line number="45" hits="0" branch="false"/>
								<line number="46" hits="0" branch="false"/>
								<line number="48" hits="0" branch="false"/>
								<line number="49" hits="0" branch="false"/>
								<line number="50" hits="0" branch="false"/>
							</lines>
						</method>
					</methods>
					<lines>
						<line number="41" hits="0" branch="false"/>
						<line number="45" hits="0" branch="false"/>
						<line number="46" hits="0" branch="false"/>
						<line number="48" hits="0" branch="false"/>
						<line number="49" hits="0" branch="false"/>
						<line number="50" hits="0" branch="false"/>
					</lines>
				</class>
				<class name="activity.MainActivity$3" filename="activity/MainActivity.java" line-rate="0.0" branch-rate="1.0" complexity="1.0">
					<methods>
						<method name="&lt;init&gt;" signature="(Lactivity/MainActivity;)V" line-rate="0.0" branch-rate="1.0">
							<lines>
								<line number="54" hits="0" branch="false"/>
							</lines>
						</method>
						<method name="onClick" signature="(Landroid/view/View;)V" line-rate="0.0" branch-rate="1.0">
							<lines>
								<line number="58" hits="0" branch="false"/>
								<line number="59" hits="0" branch="false"/>
								<line number="61" hits="0" branch="false"/>
								<line number="62" hits="0" branch="false"/>
								<line number="63" hits="0" branch="false"/>
							</lines>
						</method>
					</methods>
					<lines>
						<line number="54" hits="0" branch="false"/>
						<line number="58" hits="0" branch="false"/>
						<line number="59" hits="0" branch="false"/>
						<line number="61" hits="0" branch="false"/>
						<line number="62" hits="0" branch="false"/>
						<line number="63" hits="0" branch="false"/>
					</lines>
				</class>
				<class name="activity.MainActivity$4" filename="activity/MainActivity.java" line-rate="0.0" branch-rate="1.0" complexity="1.0">
					<methods>
						<method name="&lt;init&gt;" signature="(Lactivity/MainActivity;)V" line-rate="0.0" branch-rate="1.0">
							<lines>
								<line number="67" hits="0" branch="false"/>
							</lines>
						</method>
						<method name="onClick" signature="(Landroid/view/View;)V" line-rate="0.0" branch-rate="1.0">
							<lines>
								<line number="71" hits="0" branch="false"/>
								<line number="72" hits="0" branch="false"/>
							</lines>
						</method>
					</methods>
					<lines>
						<line number="67" hits="0" branch="false"/>
						<line number="71" hits="0" branch="false"/>
						<line number="72" hits="0" branch="false"/>
					</lines>
				</class>
				<class name="activity.MainActivity$5" filename="activity/MainActivity.java" line-rate="0.0" branch-rate="1.0" complexity="1.0">
					<methods>
						<method name="&lt;init&gt;" signature="(Lactivity/MainActivity;)V" line-rate="0.0" branch-rate="1.0">
							<lines>
								<line number="76" hits="0" branch="false"/>
							</lines>
						</method>
						<method name="onClick" signature="(Landroid/view/View;)V" line-rate="0.0" branch-rate="1.0">
							<lines>
								<line number="79" hits="0" branch="false"/>
								<line number="80" hits="0" branch="false"/>
							</lines>
						</method>
					</methods>
					<lines>
						<line number="76" hits="0" branch="false"/>
						<line number="79" hits="0" branch="false"/>
						<line number="80" hits="0" branch="false"/>
					</lines>
				</class>
				<class name="activity.MinhasReceitas" filename="activity/MinhasReceitas.java" line-rate="0.0" branch-rate="1.0" complexity="1.0">
					<methods>
						<method name="&lt;init&gt;" signature="()V" line-rate="0.0" branch-rate="1.0">
							<lines>
								<line number="8" hits="0" branch="false"/>
							</lines>
						</method>
						<method name="onCreate" signature="(Landroid/os/Bundle;)V" line-rate="0.0" branch-rate="1.0">
							<lines>
								<line number="12" hits="0" branch="false"/>
								<line number="13" hits="0" branch="false"/>
								<line number="14" hits="0" branch="false"/>
							</lines>
						</method>
						<method name="onCreateOptionsMenu" signature="(Landroid/view/Menu;)Z" line-rate="0.0" branch-rate="1.0">
							<lines>
								<line number="19" hits="0" branch="false"/>
								<line number="20" hits="0" branch="false"/>
							</lines>
						</method>
					</methods>
					<lines>
						<line number="8" hits="0" branch="false"/>
						<line number="12" hits="0" branch="false"/>
						<line number="13" hits="0" branch="false"/>
						<line number="14" hits="0" branch="false"/>
						<line number="19" hits="0" branch="false"/>
						<line number="20" hits="0" branch="false"/>
					</lines>
				</class>
				<class name="activity.Splash" filename="activity/Splash.java" line-rate="0.0" branch-rate="1.0" complexity="1.0">
					<methods>
						<method name="&lt;init&gt;" signature="()V" line-rate="0.0" branch-rate="1.0">
							<lines>
								<line number="10" hits="0" branch="false"/>
							</lines>
						</method>
						<method name="onCreate" signature="(Landroid/os/Bundle;)V" line-rate="0.0" branch-rate="1.0">
							<lines>
								<line number="14" hits="0" branch="false"/>
								<line number="15" hits="0" branch="false"/>
								<line number="17" hits="0" branch="false"/>
								<line number="18" hits="0" branch="false"/>
								<line number="19" hits="0" branch="false"/>
							</lines>
						</method>
						<method name="onCreateOptionsMenu" signature="(Landroid/view/Menu;)Z" line-rate="0.0" branch-rate="1.0">
							<lines>
								<line number="29" hits="0" branch="false"/>
								<line number="30" hits="0" branch="false"/>
							</lines>
						</method>
						<method name="run" signature="()V" line-rate="0.0" branch-rate="1.0">
							<lines>
								<line number="22" hits="0" branch="false"/>
								<line number="23" hits="0" branch="false"/>
								<line number="24" hits="0" branch="false"/>
							</lines>
						</method>
					</methods>
					<lines>
						<line number="10" hits="0" branch="false"/>
						<line number="14" hits="0" branch="false"/>
						<line number="15" hits="0" branch="false"/>
						<line number="17" hits="0" branch="false"/>
						<line number="18" hits="0" branch="false"/>
						<line number="19" hits="0" branch="false"/>
						<line number="22" hits="0" branch="false"/>
						<line number="23" hits="0" branch="false"/>
						<line number="24" hits="0" branch="false"/>
						<line number="29" hits="0" branch="false"/>
						<line number="30" hits="0" branch="false"/>
					</lines>
				</class>
			</classes>
		</package>
		<package name="com.example.receitasvovozefa" line-rate="0.0" branch-rate="1.0" complexity="0.0">
			<classes>
				<class name="com.example.receitasvovozefa.BuildConfig" filename="com/example/receitasvovozefa/BuildConfig.java" line-rate="0.0" branch-rate="1.0" complexity="0.0">
					<methods>
						<method name="&lt;init&gt;" signature="()V" line-rate="0.0" branch-rate="1.0">
							<lines>
								<line number="4" hits="0" branch="false"/>
							</lines>
						</method>
					</methods>
					<lines>
						<line number="4" hits="0" branch="false"/>
					</lines>
				</class>
				<class name="com.example.receitasvovozefa.R" filename="com/example/receitasvovozefa/R.java" line-rate="0.0" branch-rate="1.0" complexity="0.0">
					<methods>
						<method name="&lt;init&gt;" signature="()V" line-rate="0.0" branch-rate="1.0">
							<lines>
								<line number="10" hits="0" branch="false"/>
								<line number="77" hits="0" branch="false"/>
							</lines>
						</method>
					</methods>
					<lines>
						<line number="10" hits="0" branch="false"/>
						<line number="77" hits="0" branch="false"/>
					</lines>
				</class>
				<class name="com.example.receitasvovozefa.R$attr" filename="com/example/receitasvovozefa/R.java" line-rate="0.0" branch-rate="1.0" complexity="0.0">
					<methods>
						<method name="&lt;init&gt;" signature="()V" line-rate="0.0" branch-rate="1.0">
							<lines>
								<line number="11" hits="0" branch="false"/>
							</lines>
						</method>
					</methods>
					<lines>
						<line number="11" hits="0" branch="false"/>
					</lines>
				</class>
				<class name="com.example.receitasvovozefa.R$dimen" filename="com/example/receitasvovozefa/R.java" line-rate="0.0" branch-rate="1.0" complexity="0.0">
					<methods>
						<method name="&lt;init&gt;" signature="()V" line-rate="0.0" branch-rate="1.0">
							<lines>
								<line number="13" hits="0" branch="false"/>
							</lines>
						</method>
					</methods>
					<lines>
						<line number="13" hits="0" branch="false"/>
					</lines>
				</class>
				<class name="com.example.receitasvovozefa.R$drawable" filename="com/example/receitasvovozefa/R.java" line-rate="0.0" branch-rate="1.0" complexity="0.0">
					<methods>
						<method name="&lt;init&gt;" signature="()V" line-rate="0.0" branch-rate="1.0">
							<lines>
								<line number="23" hits="0" branch="false"/>
							</lines>
						</method>
					</methods>
					<lines>
						<line number="23" hits="0" branch="false"/>
					</lines>
				</class>
				<class name="com.example.receitasvovozefa.R$id" filename="com/example/receitasvovozefa/R.java" line-rate="0.0" branch-rate="1.0" complexity="0.0">
					<methods>
						<method name="&lt;init&gt;" signature="()V" line-rate="0.0" branch-rate="1.0">
							<lines>
								<line number="32" hits="0" branch="false"/>
							</lines>
						</method>
					</methods>
					<lines>
						<line number="32" hits="0" branch="false"/>
					</lines>
				</class>
				<class name="com.example.receitasvovozefa.R$layout" filename="com/example/receitasvovozefa/R.java" line-rate="0.0" branch-rate="1.0" complexity="0.0">
					<methods>
						<method name="&lt;init&gt;" signature="()V" line-rate="0.0" branch-rate="1.0">
							<lines>
								<line number="50" hits="0" branch="false"/>
							</lines>
						</method>
					</methods>
					<lines>
						<line number="50" hits="0" branch="false"/>
					</lines>
				</class>
				<class name="com.example.receitasvovozefa.R$menu" filename="com/example/receitasvovozefa/R.java" line-rate="0.0" branch-rate="1.0" complexity="0.0">
					<methods>
						<method name="&lt;init&gt;" signature="()V" line-rate="0.0" branch-rate="1.0">
							<lines>
								<line number="58" hits="0" branch="false"/>
							</lines>
						</method>
					</methods>
					<lines>
						<line number="58" hits="0" branch="false"/>
					</lines>
				</class>
				<class name="com.example.receitasvovozefa.R$string" filename="com/example/receitasvovozefa/R.java" line-rate="0.0" branch-rate="1.0" complexity="0.0">
					<methods>
						<method name="&lt;init&gt;" signature="()V" line-rate="0.0" branch-rate="1.0">
							<lines>
								<line number="67" hits="0" branch="false"/>
							</lines>
						</method>
					</methods>
					<lines>
						<line number="67" hits="0" branch="false"/>
					</lines>
				</class>
				<class name="com.example.receitasvovozefa.R$style" filename="com/example/receitasvovozefa/R.java" line-rate="0.0" branch-rate="1.0" complexity="0.0">
					<methods>
						<method name="&lt;init&gt;" signature="()V" line-rate="0.0" branch-rate="1.0">
							<lines>
								<line number="77" hits="0" branch="false"/>
							</lines>
						</method>
					</methods>
					<lines>
						<line number="77" hits="0" branch="false"/>
					</lines>
				</class>
			</classes>
		</package>
		<package name="test" line-rate="0.0" branch-rate="1.0" complexity="1.0">
			<classes>
				<class name="test.Teste" filename="test/Teste.java" line-rate="0.0" branch-rate="1.0" complexity="1.0">
					<methods>
						<method name="&lt;init&gt;" signature="()V" line-rate="0.0" branch-rate="1.0">
							<lines>
								<line number="7" hits="0" branch="false"/>
							</lines>
						</method>
						<method name="test" signature="()V" line-rate="0.0" branch-rate="1.0">
							<lines>
								<line number="11" hits="0" branch="false"/>
								<line number="12" hits="0" branch="false"/>
							</lines>
						</method>
					</methods>
					<lines>
						<line number="7" hits="0" branch="false"/>
						<line number="11" hits="0" branch="false"/>
						<line number="12" hits="0" branch="false"/>
					</lines>
				</class>
			</classes>
		</package>
	</packages>
</coverage>
